This is pdfTeX, Version 3.141592653-2.6-1.40.24 (TeX Live 2022) (preloaded format=pdflatex 2022.11.24)  31 JAN 2023 10:45
entering extended mode
 restricted \write18 enabled.
 file:line:error style messages enabled.
 %&-line parsing enabled.
**/home/eina/Desktop/m02/uf3/pt1_1/pt1_1.tex
(/home/eina/Desktop/m02/uf3/pt1_1/pt1_1.tex
LaTeX2e <2022-11-01>
L3 programming layer <2022-11-02> (/usr/local/texlive/2022/texmf-dist/tex/latex/base/article.cls
Document Class: article 2022/07/02 v1.4n Standard LaTeX document class
(/usr/local/texlive/2022/texmf-dist/tex/latex/base/size12.clo
File: size12.clo 2022/07/02 v1.4n Standard LaTeX file (size option)
)
\c@part=\count185
\c@section=\count186
\c@subsection=\count187
\c@subsubsection=\count188
\c@paragraph=\count189
\c@subparagraph=\count190
\c@figure=\count191
\c@table=\count192
\abovecaptionskip=\skip47
\belowcaptionskip=\skip48
\bibindent=\dimen140
) (/usr/local/texlive/2022/texmf-dist/tex/latex/base/inputenc.sty
Package: inputenc 2021/02/14 v1.3d Input encoding file
\inpenc@prehook=\toks16
\inpenc@posthook=\toks17
) (/usr/local/texlive/2022/texmf-dist/tex/generic/babel/babel.sty
Package: babel 2022/10/23 3.82 The Babel package
\babel@savecnt=\count193
\U@D=\dimen141
\l@unhyphenated=\language48
 (/usr/local/texlive/2022/texmf-dist/tex/generic/babel/txtbabel.def)
\bbl@readstream=\read2
\bbl@dirlevel=\count194
 (/usr/local/texlive/2022/texmf-dist/tex/generic/babel-spanish/spanish.ldf
Language: spanish.ldf 2021/05/27 v5.0q Spanish support from the babel system
\es@quottoks=\toks18
\es@quotdepth=\count195
Package babel Info: Making " an active character on input line 570.
Package babel Info: Making . an active character on input line 675.
Package babel Info: Making < an active character on input line 722.
Package babel Info: Making > an active character on input line 722.
)) (/usr/local/texlive/2022/texmf-dist/tex/generic/babel/locale/es/babel-spanish.tex
Package babel Info: Importing font and identification data for spanish
(babel)             from babel-es.ini. Reported on input line 11.
) (/usr/local/texlive/2022/texmf-dist/tex/latex/fancyhdr/fancyhdr.sty
Package: fancyhdr 2022/11/09 v4.1 Extensive control of page headers and footers
\f@nch@headwidth=\skip49
\f@nch@O@elh=\skip50
\f@nch@O@erh=\skip51
\f@nch@O@olh=\skip52
\f@nch@O@orh=\skip53
\f@nch@O@elf=\skip54
\f@nch@O@erf=\skip55
\f@nch@O@olf=\skip56
\f@nch@O@orf=\skip57
) (/usr/local/texlive/2022/texmf-dist/tex/latex/geometry/geometry.sty
Package: geometry 2020/01/02 v5.9 Page Geometry
 (/usr/local/texlive/2022/texmf-dist/tex/latex/graphics/keyval.sty
Package: keyval 2022/05/29 v1.15 key=value parser (DPC)
\KV@toks@=\toks19
) (/usr/local/texlive/2022/texmf-dist/tex/generic/iftex/ifvtex.sty
Package: ifvtex 2019/10/25 v1.7 ifvtex legacy package. Use iftex instead.
 (/usr/local/texlive/2022/texmf-dist/tex/generic/iftex/iftex.sty
Package: iftex 2022/02/03 v1.0f TeX engine tests
))
\Gm@cnth=\count196
\Gm@cntv=\count197
\c@Gm@tempcnt=\count198
\Gm@bindingoffset=\dimen142
\Gm@wd@mp=\dimen143
\Gm@odd@mp=\dimen144
\Gm@even@mp=\dimen145
\Gm@layoutwidth=\dimen146
\Gm@layoutheight=\dimen147
\Gm@layouthoffset=\dimen148
\Gm@layoutvoffset=\dimen149
\Gm@dimlist=\toks20
) (/usr/local/texlive/2022/texmf-dist/tex/latex/graphics/graphicx.sty
Package: graphicx 2021/09/16 v1.2d Enhanced LaTeX Graphics (DPC,SPQR)
 (/usr/local/texlive/2022/texmf-dist/tex/latex/graphics/graphics.sty
Package: graphics 2022/03/10 v1.4e Standard LaTeX Graphics (DPC,SPQR)
 (/usr/local/texlive/2022/texmf-dist/tex/latex/graphics/trig.sty
Package: trig 2021/08/11 v1.11 sin cos tan (DPC)
) (/usr/local/texlive/2022/texmf-dist/tex/latex/graphics-cfg/graphics.cfg
File: graphics.cfg 2016/06/04 v1.11 sample graphics configuration
)
Package graphics Info: Driver file: pdftex.def on input line 107.
 (/usr/local/texlive/2022/texmf-dist/tex/latex/graphics-def/pdftex.def
File: pdftex.def 2022/09/22 v1.2b Graphics/color driver for pdftex
))
\Gin@req@height=\dimen150
\Gin@req@width=\dimen151
) (/usr/local/texlive/2022/texmf-dist/tex/latex/hyperref/hyperref.sty
Package: hyperref 2022-11-13 v7.00u Hypertext links for LaTeX
 (/usr/local/texlive/2022/texmf-dist/tex/generic/ltxcmds/ltxcmds.sty
Package: ltxcmds 2020-05-10 v1.25 LaTeX kernel commands for general use (HO)
) (/usr/local/texlive/2022/texmf-dist/tex/generic/pdftexcmds/pdftexcmds.sty
Package: pdftexcmds 2020-06-27 v0.33 Utility functions of pdfTeX for LuaTeX (HO)
 (/usr/local/texlive/2022/texmf-dist/tex/generic/infwarerr/infwarerr.sty
Package: infwarerr 2019/12/03 v1.5 Providing info/warning/error messages (HO)
)
Package pdftexcmds Info: \pdf@primitive is available.
Package pdftexcmds Info: \pdf@ifprimitive is available.
Package pdftexcmds Info: \pdfdraftmode found.
) (/usr/local/texlive/2022/texmf-dist/tex/latex/kvsetkeys/kvsetkeys.sty
Package: kvsetkeys 2022-10-05 v1.19 Key value parser (HO)
) (/usr/local/texlive/2022/texmf-dist/tex/generic/kvdefinekeys/kvdefinekeys.sty
Package: kvdefinekeys 2019-12-19 v1.6 Define keys (HO)
) (/usr/local/texlive/2022/texmf-dist/tex/generic/pdfescape/pdfescape.sty
Package: pdfescape 2019/12/09 v1.15 Implements pdfTeX's escape features (HO)
) (/usr/local/texlive/2022/texmf-dist/tex/latex/hycolor/hycolor.sty
Package: hycolor 2020-01-27 v1.10 Color options for hyperref/bookmark (HO)
) (/usr/local/texlive/2022/texmf-dist/tex/latex/letltxmacro/letltxmacro.sty
Package: letltxmacro 2019/12/03 v1.6 Let assignment for LaTeX macros (HO)
) (/usr/local/texlive/2022/texmf-dist/tex/latex/auxhook/auxhook.sty
Package: auxhook 2019-12-17 v1.6 Hooks for auxiliary files (HO)
) (/usr/local/texlive/2022/texmf-dist/tex/latex/hyperref/nameref.sty
Package: nameref 2022-05-17 v2.50 Cross-referencing by name of section
 (/usr/local/texlive/2022/texmf-dist/tex/latex/refcount/refcount.sty
Package: refcount 2019/12/15 v3.6 Data extraction from label references (HO)
) (/usr/local/texlive/2022/texmf-dist/tex/generic/gettitlestring/gettitlestring.sty
Package: gettitlestring 2019/12/15 v1.6 Cleanup title references (HO)
 (/usr/local/texlive/2022/texmf-dist/tex/latex/kvoptions/kvoptions.sty
Package: kvoptions 2022-06-15 v3.15 Key value format for package options (HO)
))
\c@section@level=\count199
)
\@linkdim=\dimen152
\Hy@linkcounter=\count266
\Hy@pagecounter=\count267
 (/usr/local/texlive/2022/texmf-dist/tex/latex/hyperref/pd1enc.def
File: pd1enc.def 2022-11-13 v7.00u Hyperref: PDFDocEncoding definition (HO)
Now handling font encoding PD1 ...
... no UTF-8 mapping file for font encoding PD1
) (/usr/local/texlive/2022/texmf-dist/tex/generic/intcalc/intcalc.sty
Package: intcalc 2019/12/15 v1.3 Expandable calculations with integers (HO)
) (/usr/local/texlive/2022/texmf-dist/tex/generic/etexcmds/etexcmds.sty
Package: etexcmds 2019/12/15 v1.7 Avoid name clashes with e-TeX commands (HO)
)
\Hy@SavedSpaceFactor=\count268
 (/usr/local/texlive/2022/texmf-dist/tex/latex/hyperref/puenc.def
File: puenc.def 2022-11-13 v7.00u Hyperref: PDF Unicode definition (HO)
Now handling font encoding PU ...
... no UTF-8 mapping file for font encoding PU
)
Package hyperref Info: Option `colorlinks' set `true' on input line 4045.
Package hyperref Info: Hyper figures OFF on input line 4162.
Package hyperref Info: Link nesting OFF on input line 4167.
Package hyperref Info: Hyper index ON on input line 4170.
Package hyperref Info: Plain pages OFF on input line 4177.
Package hyperref Info: Backreferencing OFF on input line 4182.
Package hyperref Info: Implicit mode ON; LaTeX internals redefined.
Package hyperref Info: Bookmarks ON on input line 4410.
\c@Hy@tempcnt=\count269
 (/usr/local/texlive/2022/texmf-dist/tex/latex/url/url.sty
\Urlmuskip=\muskip16
Package: url 2013/09/16  ver 3.4  Verb mode for urls, etc.
)
LaTeX Info: Redefining \url on input line 4748.
\XeTeXLinkMargin=\dimen153
 (/usr/local/texlive/2022/texmf-dist/tex/generic/bitset/bitset.sty
Package: bitset 2019/12/09 v1.3 Handle bit-vector datatype (HO)
 (/usr/local/texlive/2022/texmf-dist/tex/generic/bigintcalc/bigintcalc.sty
Package: bigintcalc 2019/12/15 v1.5 Expandable calculations on big integers (HO)
))
\Fld@menulength=\count270
\Field@Width=\dimen154
\Fld@charsize=\dimen155
Package hyperref Info: Hyper figures OFF on input line 6027.
Package hyperref Info: Link nesting OFF on input line 6032.
Package hyperref Info: Hyper index ON on input line 6035.
Package hyperref Info: backreferencing OFF on input line 6042.
Package hyperref Info: Link coloring ON on input line 6045.
Package hyperref Info: Link coloring with OCG OFF on input line 6052.
Package hyperref Info: PDF/A mode OFF on input line 6057.
 (/usr/local/texlive/2022/texmf-dist/tex/latex/base/atbegshi-ltx.sty
Package: atbegshi-ltx 2021/01/10 v1.0c Emulation of the original atbegshi
package with kernel methods
)
\Hy@abspage=\count271
\c@Item=\count272
\c@Hfootnote=\count273
)
Package hyperref Info: Driver (autodetected): hpdftex.
 (/usr/local/texlive/2022/texmf-dist/tex/latex/hyperref/hpdftex.def
File: hpdftex.def 2022-11-13 v7.00u Hyperref driver for pdfTeX
 (/usr/local/texlive/2022/texmf-dist/tex/latex/base/atveryend-ltx.sty
Package: atveryend-ltx 2020/08/19 v1.0a Emulation of the original atveryend package
with kernel methods
)
\Fld@listcount=\count274
\c@bookmark@seq@number=\count275
 (/usr/local/texlive/2022/texmf-dist/tex/latex/rerunfilecheck/rerunfilecheck.sty
Package: rerunfilecheck 2022-07-10 v1.10 Rerun checks for auxiliary files (HO)
 (/usr/local/texlive/2022/texmf-dist/tex/generic/uniquecounter/uniquecounter.sty
Package: uniquecounter 2019/12/15 v1.4 Provide unlimited unique counter (HO)
)
Package uniquecounter Info: New unique counter `rerunfilecheck' on input line 285.
)
\Hy@SectionHShift=\skip58
) (/usr/local/texlive/2022/texmf-dist/tex/latex/tools/indentfirst.sty
Package: indentfirst 1995/11/23 v1.03 Indent first paragraph (DPC)
) (/usr/local/texlive/2022/texmf-dist/tex/latex/titlesec/titlesec.sty
Package: titlesec 2021/07/05 v2.14 Sectioning titles
\ttl@box=\box51
\beforetitleunit=\skip59
\aftertitleunit=\skip60
\ttl@plus=\dimen156
\ttl@minus=\dimen157
\ttl@toksa=\toks21
\titlewidth=\dimen158
\titlewidthlast=\dimen159
\titlewidthfirst=\dimen160
) (/usr/local/texlive/2022/texmf-dist/tex/latex/listings/listings.sty
\lst@mode=\count276
\lst@gtempboxa=\box52
\lst@token=\toks22
\lst@length=\count277
\lst@currlwidth=\dimen161
\lst@column=\count278
\lst@pos=\count279
\lst@lostspace=\dimen162
\lst@width=\dimen163
\lst@newlines=\count280
\lst@lineno=\count281
\lst@maxwidth=\dimen164
 (/usr/local/texlive/2022/texmf-dist/tex/latex/listings/lstmisc.sty
File: lstmisc.sty 2020/03/24 1.8d (Carsten Heinz)
\c@lstnumber=\count282
\lst@skipnumbers=\count283
\lst@framebox=\box53
) (/usr/local/texlive/2022/texmf-dist/tex/latex/listings/listings.cfg
File: listings.cfg 2020/03/24 1.8d listings configuration
))
Package: listings 2020/03/24 1.8d (Carsten Heinz)
 (/usr/local/texlive/2022/texmf-dist/tex/latex/xcolor/xcolor.sty
Package: xcolor 2022/06/12 v2.14 LaTeX color extensions (UK)
 (/usr/local/texlive/2022/texmf-dist/tex/latex/graphics-cfg/color.cfg
File: color.cfg 2016/01/02 v1.6 sample color configuration
)
Package xcolor Info: Driver file: pdftex.def on input line 227.
 (/usr/local/texlive/2022/texmf-dist/tex/latex/graphics/mathcolor.ltx)
Package xcolor Info: Model `cmy' substituted by `cmy0' on input line 1353.
Package xcolor Info: Model `hsb' substituted by `rgb' on input line 1357.
Package xcolor Info: Model `RGB' extended on input line 1369.
Package xcolor Info: Model `HTML' substituted by `rgb' on input line 1371.
Package xcolor Info: Model `Hsb' substituted by `hsb' on input line 1372.
Package xcolor Info: Model `tHsb' substituted by `hsb' on input line 1373.
Package xcolor Info: Model `HSB' substituted by `hsb' on input line 1374.
Package xcolor Info: Model `Gray' substituted by `gray' on input line 1375.
Package xcolor Info: Model `wave' substituted by `hsb' on input line 1376.
) (/usr/local/texlive/2022/texmf-dist/tex/latex/l3backend/l3backend-pdftex.def
File: l3backend-pdftex.def 2022-10-26 L3 backend support: PDF output (pdfTeX)
\l__color_backend_stack_int=\count284
\l__pdf_internal_box=\box54
) (./pt1_1.aux (./portada.aux)
LaTeX Info: Redefining \. on input line 23.
LaTeX Info: Redefining \% on input line 23.
)
\openout1 = `pt1_1.aux'.

LaTeX Font Info:    Checking defaults for OML/cmm/m/it on input line 76.
LaTeX Font Info:    ... okay on input line 76.
LaTeX Font Info:    Checking defaults for OMS/cmsy/m/n on input line 76.
LaTeX Font Info:    ... okay on input line 76.
LaTeX Font Info:    Checking defaults for OT1/cmr/m/n on input line 76.
LaTeX Font Info:    ... okay on input line 76.
LaTeX Font Info:    Checking defaults for T1/cmr/m/n on input line 76.
LaTeX Font Info:    ... okay on input line 76.
LaTeX Font Info:    Checking defaults for TS1/cmr/m/n on input line 76.
LaTeX Font Info:    ... okay on input line 76.
LaTeX Font Info:    Checking defaults for OMX/cmex/m/n on input line 76.
LaTeX Font Info:    ... okay on input line 76.
LaTeX Font Info:    Checking defaults for U/cmr/m/n on input line 76.
LaTeX Font Info:    ... okay on input line 76.
LaTeX Font Info:    Checking defaults for PD1/pdf/m/n on input line 76.
LaTeX Font Info:    ... okay on input line 76.
LaTeX Font Info:    Checking defaults for PU/pdf/m/n on input line 76.
LaTeX Font Info:    ... okay on input line 76.
LaTeX Info: Redefining \. on input line 76.
LaTeX Info: Redefining \% on input line 76.

*geometry* driver: auto-detecting
*geometry* detected driver: pdftex
*geometry* verbose mode - [ preamble ] result:
* driver: pdftex
* paper: a4paper
* layout: <same size as paper>
* layoutoffset:(h,v)=(0.0pt,0.0pt)
* modes: 
* h-part:(L,W,R)=(89.62709pt, 418.25368pt, 89.6271pt)
* v-part:(T,H,B)=(101.40665pt, 591.5302pt, 152.11pt)
* \paperwidth=597.50787pt
* \paperheight=845.04684pt
* \textwidth=418.25368pt
* \textheight=648.4357pt
* \oddsidemargin=17.3571pt
* \evensidemargin=17.3571pt
* \topmargin=-27.86334pt
* \headheight=40.0pt
* \headsep=25.0pt
* \topskip=12.0pt
* \footskip=30.0pt
* \marginparwidth=35.0pt
* \marginparsep=10.0pt
* \columnsep=10.0pt
* \skip\footins=10.8pt plus 4.0pt minus 2.0pt
* \hoffset=0.0pt
* \voffset=0.0pt
* \mag=1000
* \@twocolumnfalse
* \@twosidefalse
* \@mparswitchfalse
* \@reversemarginfalse
* (1in=72.27pt=25.4mm, 1cm=28.453pt)

(/usr/local/texlive/2022/texmf-dist/tex/context/base/mkii/supp-pdf.mkii
[Loading MPS to PDF converter (version 2006.09.02).]
\scratchcounter=\count285
\scratchdimen=\dimen165
\scratchbox=\box55
\nofMPsegments=\count286
\nofMParguments=\count287
\everyMPshowfont=\toks23
\MPscratchCnt=\count288
\MPscratchDim=\dimen166
\MPnumerator=\count289
\makeMPintoPDFobject=\count290
\everyMPtoPDFconversion=\toks24
) (/usr/local/texlive/2022/texmf-dist/tex/latex/epstopdf-pkg/epstopdf-base.sty
Package: epstopdf-base 2020-01-24 v2.11 Base part for package epstopdf
Package epstopdf-base Info: Redefining graphics rule for `.eps' on input line 485.
 (/usr/local/texlive/2022/texmf-dist/tex/latex/latexconfig/epstopdf-sys.cfg
File: epstopdf-sys.cfg 2010/07/13 v1.3 Configuration of (r)epstopdf for TeX Live
))
Package hyperref Info: Link coloring ON on input line 76.
 (./pt1_1.out) (./pt1_1.out)
\@outlinefile=\write3
\openout3 = `pt1_1.out'.

\c@lstlisting=\count291
\openout2 = `portada.aux'.

 (./portada.tex
<provencana_color.pdf, id=4, 542.025pt x 542.025pt>
File: provencana_color.pdf Graphic file (type pdf)
<use provencana_color.pdf>
Package pdftex.def Info: provencana_color.pdf  used on input line 3.
(pdftex.def)             Requested size: 62.73549pt x 62.73268pt.
 [1


{/usr/local/texlive/2022/texmf-var/fonts/map/pdftex/updmap/pdftex.map} <./provencana_color.pdf>]) (/usr/local/texlive/2022/texmf-dist/tex/latex/listings/lstlang1.sty
File: lstlang1.sty 2020/03/24 1.8d listings language file
)
<imatges/1a.png, id=18, 1926.19624pt x 1042.89626pt>
File: imatges/1a.png Graphic file (type png)
<use imatges/1a.png>
Package pdftex.def Info: imatges/1a.png  used on input line 85.
(pdftex.def)             Requested size: 418.25368pt x 226.44618pt.
<imatges/1b.png, id=20, 1926.19624pt x 1042.89626pt>
File: imatges/1b.png Graphic file (type png)
<use imatges/1b.png>
Package pdftex.def Info: imatges/1b.png  used on input line 86.
(pdftex.def)             Requested size: 418.25368pt x 226.44618pt.
<provencana_bw.pdf, id=21, 542.025pt x 542.025pt>
File: provencana_bw.pdf Graphic file (type pdf)
<use provencana_bw.pdf>
Package pdftex.def Info: provencana_bw.pdf  used on input line 88.
(pdftex.def)             Requested size: 34.99301pt x 35.0pt.

pdfTeX warning (ext4): destination with the same identifier (name{page.1}) has been already used, duplicate ignored
<to be read again> 
                   \relax 
l.88 \newpage
              [1


 <./provencana_bw.pdf> <./imatges/1a.png> <./imatges/1b.png>]
<imatges/2.png, id=36, 1926.19624pt x 1042.89626pt>
File: imatges/2.png Graphic file (type png)
<use imatges/2.png>
Package pdftex.def Info: imatges/2.png  used on input line 94.
(pdftex.def)             Requested size: 418.25368pt x 226.44618pt.
<imatges/3.png, id=37, 1926.19624pt x 1042.89626pt>
File: imatges/3.png Graphic file (type png)
<use imatges/3.png>
Package pdftex.def Info: imatges/3.png  used on input line 100.
(pdftex.def)             Requested size: 418.25368pt x 226.44618pt.
File: provencana_bw.pdf Graphic file (type pdf)
<use provencana_bw.pdf>
Package pdftex.def Info: provencana_bw.pdf  used on input line 102.
(pdftex.def)             Requested size: 34.99301pt x 35.0pt.
 [2 <./imatges/2.png> <./imatges/3.png>]
<imatges/4.png, id=51, 1926.19624pt x 1042.89626pt>
File: imatges/4.png Graphic file (type png)
<use imatges/4.png>
Package pdftex.def Info: imatges/4.png  used on input line 107.
(pdftex.def)             Requested size: 418.25368pt x 226.44618pt.
<imatges/5.png, id=52, 1926.19624pt x 1042.89626pt>
File: imatges/5.png Graphic file (type png)
<use imatges/5.png>
Package pdftex.def Info: imatges/5.png  used on input line 113.
(pdftex.def)             Requested size: 418.25368pt x 226.44618pt.
File: provencana_bw.pdf Graphic file (type pdf)
<use provencana_bw.pdf>
Package pdftex.def Info: provencana_bw.pdf  used on input line 116.
(pdftex.def)             Requested size: 34.99301pt x 35.0pt.
 [3 <./imatges/4.png> <./imatges/5.png>]
<imatges/6.png, id=65, 1926.19624pt x 1042.89626pt>
File: imatges/6.png Graphic file (type png)
<use imatges/6.png>
Package pdftex.def Info: imatges/6.png  used on input line 119.
(pdftex.def)             Requested size: 418.25368pt x 226.44618pt.
<imatges/7.png, id=66, 1926.19624pt x 1042.89626pt>
File: imatges/7.png Graphic file (type png)
<use imatges/7.png>
Package pdftex.def Info: imatges/7.png  used on input line 125.
(pdftex.def)             Requested size: 418.25368pt x 226.44618pt.
File: provencana_bw.pdf Graphic file (type pdf)
<use provencana_bw.pdf>
Package pdftex.def Info: provencana_bw.pdf  used on input line 128.
(pdftex.def)             Requested size: 34.99301pt x 35.0pt.
 [4 <./imatges/6.png> <./imatges/7.png>]
<imatges/8.png, id=79, 1926.19624pt x 1042.89626pt>
File: imatges/8.png Graphic file (type png)
<use imatges/8.png>
Package pdftex.def Info: imatges/8.png  used on input line 131.
(pdftex.def)             Requested size: 418.25368pt x 226.44618pt.
<imatges/9a.png, id=80, 1926.19624pt x 1042.89626pt>
File: imatges/9a.png Graphic file (type png)
<use imatges/9a.png>
Package pdftex.def Info: imatges/9a.png  used on input line 138.
(pdftex.def)             Requested size: 418.25368pt x 226.44618pt.
File: provencana_bw.pdf Graphic file (type pdf)
<use provencana_bw.pdf>
Package pdftex.def Info: provencana_bw.pdf  used on input line 138.
(pdftex.def)             Requested size: 34.99301pt x 35.0pt.
 [5 <./imatges/8.png>]
<imatges/9b.png, id=93, 1926.19624pt x 1042.89626pt>
File: imatges/9b.png Graphic file (type png)
<use imatges/9b.png>
Package pdftex.def Info: imatges/9b.png  used on input line 139.
(pdftex.def)             Requested size: 418.25368pt x 226.44618pt.
File: provencana_bw.pdf Graphic file (type pdf)
<use provencana_bw.pdf>
Package pdftex.def Info: provencana_bw.pdf  used on input line 141.
(pdftex.def)             Requested size: 34.99301pt x 35.0pt.
 [6 <./imatges/9a.png> <./imatges/9b.png>]
<imatges/10.png, id=103, 1926.19624pt x 1042.89626pt>
File: imatges/10.png Graphic file (type png)
<use imatges/10.png>
Package pdftex.def Info: imatges/10.png  used on input line 146.
(pdftex.def)             Requested size: 418.25368pt x 226.44618pt.
<imatges/11.png, id=104, 1926.19624pt x 1042.89626pt>
File: imatges/11.png Graphic file (type png)
<use imatges/11.png>
Package pdftex.def Info: imatges/11.png  used on input line 152.
(pdftex.def)             Requested size: 418.25368pt x 226.44618pt.
File: provencana_bw.pdf Graphic file (type pdf)
<use provencana_bw.pdf>
Package pdftex.def Info: provencana_bw.pdf  used on input line 155.
(pdftex.def)             Requested size: 34.99301pt x 35.0pt.
 [7 <./imatges/10.png> <./imatges/11.png>]
<imatges/12.png, id=117, 1926.19624pt x 1042.89626pt>
File: imatges/12.png Graphic file (type png)
<use imatges/12.png>
Package pdftex.def Info: imatges/12.png  used on input line 158.
(pdftex.def)             Requested size: 418.25368pt x 226.44618pt.
File: provencana_bw.pdf Graphic file (type pdf)
<use provencana_bw.pdf>
Package pdftex.def Info: provencana_bw.pdf  used on input line 160.
(pdftex.def)             Requested size: 34.99301pt x 35.0pt.
 [8 <./imatges/12.png>]
<imatges/13.png, id=127, 1926.19624pt x 1042.89626pt>
File: imatges/13.png Graphic file (type png)
<use imatges/13.png>
Package pdftex.def Info: imatges/13.png  used on input line 165.
(pdftex.def)             Requested size: 418.25368pt x 226.44618pt.
<imatges/14.png, id=128, 1926.19624pt x 1042.89626pt>
File: imatges/14.png Graphic file (type png)
<use imatges/14.png>
Package pdftex.def Info: imatges/14.png  used on input line 171.
(pdftex.def)             Requested size: 418.25368pt x 226.44618pt.
File: provencana_bw.pdf Graphic file (type pdf)
<use provencana_bw.pdf>
Package pdftex.def Info: provencana_bw.pdf  used on input line 173.
(pdftex.def)             Requested size: 34.99301pt x 35.0pt.
 [9 <./imatges/13.png> <./imatges/14.png>]
<imatges/15.png, id=141, 1926.19624pt x 1042.89626pt>
File: imatges/15.png Graphic file (type png)
<use imatges/15.png>
Package pdftex.def Info: imatges/15.png  used on input line 178.
(pdftex.def)             Requested size: 418.25368pt x 226.44618pt.

Overfull \hbox (18.44218pt too wide) in paragraph at lines 180--181
[]\OT1/cmr/m/sc/12 16. Crea un per-fil per-fil-de-pro-va amb els l[]^^Pmits de re-cur-sos seg[]uents: 
 []

File: provencana_bw.pdf Graphic file (type pdf)
<use provencana_bw.pdf>
Package pdftex.def Info: provencana_bw.pdf  used on input line 199.
(pdftex.def)             Requested size: 34.99301pt x 35.0pt.
[10 <./imatges/15.png>]
<imatges/16.png, id=158, 1926.19624pt x 1042.89626pt>
File: imatges/16.png Graphic file (type png)
<use imatges/16.png>
Package pdftex.def Info: imatges/16.png  used on input line 200.
(pdftex.def)             Requested size: 418.25368pt x 226.44618pt.

Overfull \hbox (39.71544pt too wide) in paragraph at lines 202--203
[]\OT1/cmr/m/sc/12 17. Mo-di-fi-ca el per-fil an-te-rior ajus-tant la con-tra-sen-ya d'administraci[]o
 []

<imatges/17.png, id=159, 1926.19624pt x 1042.89626pt>
File: imatges/17.png Graphic file (type png)
<use imatges/17.png>
Package pdftex.def Info: imatges/17.png  used on input line 217.
(pdftex.def)             Requested size: 418.25368pt x 226.44618pt.
File: provencana_bw.pdf Graphic file (type pdf)
<use provencana_bw.pdf>
Package pdftex.def Info: provencana_bw.pdf  used on input line 217.
(pdftex.def)             Requested size: 34.99301pt x 35.0pt.
[11 <./imatges/16.png>]
<imatges/18.png, id=178, 1926.19624pt x 1042.89626pt>
File: imatges/18.png Graphic file (type png)
<use imatges/18.png>
Package pdftex.def Info: imatges/18.png  used on input line 223.
(pdftex.def)             Requested size: 418.25368pt x 226.44618pt.
File: provencana_bw.pdf Graphic file (type pdf)
<use provencana_bw.pdf>
Package pdftex.def Info: provencana_bw.pdf  used on input line 225.
(pdftex.def)             Requested size: 34.99301pt x 35.0pt.
 [12 <./imatges/17.png> <./imatges/18.png>]
<imatges/19.png, id=190, 1926.19624pt x 1042.89626pt>
File: imatges/19.png Graphic file (type png)
<use imatges/19.png>
Package pdftex.def Info: imatges/19.png  used on input line 230.
(pdftex.def)             Requested size: 418.25368pt x 226.44618pt.
File: provencana_bw.pdf Graphic file (type pdf)
<use provencana_bw.pdf>
Package pdftex.def Info: provencana_bw.pdf  used on input line 232.
(pdftex.def)             Requested size: 34.99301pt x 35.0pt.
 [13 <./imatges/19.png>]
<imatges/20.png, id=200, 1445.4pt x 782.925pt>
File: imatges/20.png Graphic file (type png)
<use imatges/20.png>
Package pdftex.def Info: imatges/20.png  used on input line 243.
(pdftex.def)             Requested size: 418.25368pt x 226.55263pt.
File: provencana_bw.pdf Graphic file (type pdf)
<use provencana_bw.pdf>
Package pdftex.def Info: provencana_bw.pdf  used on input line 245.
(pdftex.def)             Requested size: 34.99301pt x 35.0pt.
 [14 <./imatges/20.png>]
<imatges/21.png, id=216, 1926.19624pt x 1042.89626pt>
File: imatges/21.png Graphic file (type png)
<use imatges/21.png>
Package pdftex.def Info: imatges/21.png  used on input line 250.
(pdftex.def)             Requested size: 418.25368pt x 226.44618pt.
<imatges/22.png, id=217, 1926.19624pt x 1042.89626pt>
File: imatges/22.png Graphic file (type png)
<use imatges/22.png>
Package pdftex.def Info: imatges/22.png  used on input line 256.
(pdftex.def)             Requested size: 418.25368pt x 226.44618pt.
File: provencana_bw.pdf Graphic file (type pdf)
<use provencana_bw.pdf>
Package pdftex.def Info: provencana_bw.pdf  used on input line 258.
(pdftex.def)             Requested size: 34.99301pt x 35.0pt.
 [15 <./imatges/21.png> <./imatges/22.png>]
<imatges/23.png, id=230, 1926.19624pt x 1042.89626pt>
File: imatges/23.png Graphic file (type png)
<use imatges/23.png>
Package pdftex.def Info: imatges/23.png  used on input line 263.
(pdftex.def)             Requested size: 418.25368pt x 226.44618pt.
File: provencana_bw.pdf Graphic file (type pdf)
<use provencana_bw.pdf>
Package pdftex.def Info: provencana_bw.pdf  used on input line 265.
(pdftex.def)             Requested size: 34.99301pt x 35.0pt.
 [16 <./imatges/23.png>] (./pt1_1.aux (./portada.aux)
LaTeX Info: Redefining \. on input line 23.
LaTeX Info: Redefining \% on input line 23.
)
Package rerunfilecheck Info: File `pt1_1.out' has not changed.
(rerunfilecheck)             Checksum: D41D8CD98F00B204E9800998ECF8427E;0.
 ) 
Here is how much of TeX's memory you used:
 13194 strings out of 476085
 204316 string characters out of 5797839
 760835 words of memory out of 5000000
 34269 multiletter control sequences out of 15000+600000
 473945 words of font info for 44 fonts, out of 8000000 for 9000
 430 hyphenation exceptions out of 8191
 72i,15n,77p,314b,1378s stack positions out of 10000i,1000n,20000p,200000b,200000s
{/usr/local/texlive/2022/texmf-dist/fonts/enc/dvips/cm-super/cm-super-ts1.enc}</usr/local/texlive/2022/texmf-dist/fonts/type1/public/amsfonts/cm/cmbx12.pfb></usr/local/texlive/2022/texmf-dist/fonts/type1/public/amsfonts/cm/cmcsc10.pfb></usr/local/texlive/2022/texmf-dist/fonts/type1/public/amsfonts/cm/cmr12.pfb></usr/local/texlive/2022/texmf-dist/fonts/type1/public/amsfonts/cm/cmr6.pfb></usr/local/texlive/2022/texmf-dist/fonts/type1/public/amsfonts/cm/cmti12.pfb></usr/local/texlive/2022/texmf-dist/fonts/type1/public/amsfonts/cm/cmtt10.pfb></usr/local/texlive/2022/texmf-dist/fonts/type1/public/cm-super/sfrm1200.pfb>
Output written on pt1_1.pdf (17 pages, 3143812 bytes).
PDF statistics:
 291 PDF objects out of 1000 (max. 8388607)
 187 compressed objects within 2 object streams
 84 named destinations out of 1000 (max. 500000)
 238 words of extra memory for PDF output out of 10000 (max. 10000000)

