\BOOKMARK [1][-]{section.1}{\376\377\000P\000a\000r\000t\000\040\000i\000n\000i\000c\000i\000a\000l}{}% 1
\BOOKMARK [1][-]{section.2}{\376\377\000P\000a\000r\000t\000\040\000i\000n\000t\000e\000r\000m\000i\000t\000j\000a}{}% 2
\BOOKMARK [2][-]{subsection.2.1}{\376\377\000P\000r\000i\000m\000e\000r\000a\000\040\000C\000o\000n\000s\000u\000l\000t\000a}{section.2}% 3
\BOOKMARK [3][-]{subsubsection.2.1.1}{\376\377\000C\000o\000n\000s\000u\000l\000t\000a\000\040\000S\000Q\000L}{subsection.2.1}% 4
\BOOKMARK [3][-]{subsubsection.2.1.2}{\376\377\000D\000a\000d\000e\000s\000\040\000o\000b\000t\000i\000n\000g\000u\000d\000e\000s}{subsection.2.1}% 5
\BOOKMARK [3][-]{subsubsection.2.1.3}{\376\377\000I\000n\000t\000e\000r\000p\000r\000e\000t\000a\000c\000i\000\363\000\040\000d\000e\000\040\000l\000e\000s\000\040\000d\000a\000d\000e\000s}{subsection.2.1}% 6
\BOOKMARK [3][-]{subsubsection.2.1.4}{\376\377\000S\000e\000g\000\374\000e\000n\000t\000\040\000p\000a\000s}{subsection.2.1}% 7
\BOOKMARK [2][-]{subsection.2.2}{\376\377\000S\000e\000g\000o\000n\000a\000\040\000C\000o\000n\000s\000u\000l\000t\000a}{section.2}% 8
\BOOKMARK [3][-]{subsubsection.2.2.1}{\376\377\000C\000o\000n\000s\000u\000l\000t\000a\000\040\000S\000Q\000L}{subsection.2.2}% 9
\BOOKMARK [3][-]{subsubsection.2.2.2}{\376\377\000D\000a\000d\000e\000s\000\040\000o\000b\000t\000i\000n\000g\000u\000d\000e\000s}{subsection.2.2}% 10
\BOOKMARK [3][-]{subsubsection.2.2.3}{\376\377\000I\000n\000t\000e\000r\000p\000r\000e\000t\000a\000c\000i\000\363\000\040\000d\000e\000\040\000l\000e\000s\000\040\000d\000a\000d\000e\000s}{subsection.2.2}% 11
\BOOKMARK [3][-]{subsubsection.2.2.4}{\376\377\000S\000e\000g\000\374\000e\000n\000t\000\040\000p\000a\000s}{subsection.2.2}% 12
\BOOKMARK [2][-]{subsection.2.3}{\376\377\000T\000e\000r\000c\000e\000r\000a\000\040\000C\000o\000n\000s\000u\000l\000t\000a}{section.2}% 13
\BOOKMARK [3][-]{subsubsection.2.3.1}{\376\377\000C\000o\000n\000s\000u\000l\000t\000a\000\040\000S\000Q\000L}{subsection.2.3}% 14
\BOOKMARK [3][-]{subsubsection.2.3.2}{\376\377\000D\000a\000d\000e\000s\000\040\000o\000b\000t\000i\000n\000g\000u\000d\000e\000s}{subsection.2.3}% 15
\BOOKMARK [3][-]{subsubsection.2.3.3}{\376\377\000I\000n\000t\000e\000r\000p\000r\000e\000t\000a\000c\000i\000\363\000\040\000d\000e\000\040\000l\000e\000s\000\040\000d\000a\000d\000e\000s}{subsection.2.3}% 16
\BOOKMARK [3][-]{subsubsection.2.3.4}{\376\377\000S\000e\000g\000\374\000e\000n\000t\000\040\000p\000a\000s}{subsection.2.3}% 17
\BOOKMARK [2][-]{subsection.2.4}{\376\377\000Q\000u\000a\000r\000t\000a\000\040\000C\000o\000n\000s\000u\000l\000t\000a}{section.2}% 18
\BOOKMARK [3][-]{subsubsection.2.4.1}{\376\377\000C\000o\000n\000s\000u\000l\000t\000a\000\040\000S\000Q\000L}{subsection.2.4}% 19
\BOOKMARK [3][-]{subsubsection.2.4.2}{\376\377\000D\000a\000d\000e\000s\000\040\000o\000b\000t\000i\000n\000g\000u\000d\000e\000s}{subsection.2.4}% 20
\BOOKMARK [3][-]{subsubsection.2.4.3}{\376\377\000I\000n\000t\000e\000r\000p\000r\000e\000t\000a\000c\000i\000\363\000\040\000d\000e\000\040\000l\000e\000s\000\040\000d\000a\000d\000e\000s}{subsection.2.4}% 21
\BOOKMARK [3][-]{subsubsection.2.4.4}{\376\377\000S\000e\000g\000\374\000e\000n\000t\000\040\000p\000a\000s}{subsection.2.4}% 22
\BOOKMARK [2][-]{subsection.2.5}{\376\377\000C\000i\000n\000q\000u\000e\000n\000a\000\040\000C\000o\000n\000s\000u\000l\000t\000a}{section.2}% 23
\BOOKMARK [3][-]{subsubsection.2.5.1}{\376\377\000C\000o\000n\000s\000u\000l\000t\000a\000\040\000S\000Q\000L}{subsection.2.5}% 24
\BOOKMARK [3][-]{subsubsection.2.5.2}{\376\377\000D\000a\000d\000e\000s\000\040\000o\000b\000t\000i\000n\000g\000u\000d\000e\000s}{subsection.2.5}% 25
\BOOKMARK [3][-]{subsubsection.2.5.3}{\376\377\000I\000n\000t\000e\000r\000p\000r\000e\000t\000a\000c\000i\000\363\000\040\000d\000e\000\040\000l\000e\000s\000\040\000d\000a\000d\000e\000s}{subsection.2.5}% 26
\BOOKMARK [3][-]{subsubsection.2.5.4}{\376\377\000S\000e\000g\000\374\000e\000n\000t\000\040\000p\000a\000s}{subsection.2.5}% 27
\BOOKMARK [2][-]{subsection.2.6}{\376\377\000S\000i\000s\000e\000n\000a\000\040\000C\000o\000n\000s\000u\000l\000t\000a}{section.2}% 28
\BOOKMARK [3][-]{subsubsection.2.6.1}{\376\377\000C\000o\000n\000s\000u\000l\000t\000a\000\040\000S\000Q\000L}{subsection.2.6}% 29
\BOOKMARK [3][-]{subsubsection.2.6.2}{\376\377\000D\000a\000d\000e\000s\000\040\000o\000b\000t\000i\000n\000g\000u\000d\000e\000s}{subsection.2.6}% 30
\BOOKMARK [3][-]{subsubsection.2.6.3}{\376\377\000I\000n\000t\000e\000r\000p\000r\000e\000t\000a\000c\000i\000\363\000\040\000d\000e\000\040\000l\000e\000s\000\040\000d\000a\000d\000e\000s}{subsection.2.6}% 31
\BOOKMARK [3][-]{subsubsection.2.6.4}{\376\377\000S\000e\000g\000\374\000e\000n\000t\000\040\000p\000a\000s}{subsection.2.6}% 32
\BOOKMARK [2][-]{subsection.2.7}{\376\377\000S\000e\000t\000e\000n\000a\000\040\000c\000o\000n\000s\000u\000l\000t\000a}{section.2}% 33
\BOOKMARK [3][-]{subsubsection.2.7.1}{\376\377\000C\000o\000n\000s\000u\000l\000t\000a\000\040\000S\000Q\000L}{subsection.2.7}% 34
\BOOKMARK [3][-]{subsubsection.2.7.2}{\376\377\000D\000a\000d\000e\000s\000\040\000o\000b\000t\000i\000n\000g\000u\000d\000e\000s}{subsection.2.7}% 35
\BOOKMARK [3][-]{subsubsection.2.7.3}{\376\377\000I\000n\000t\000e\000r\000p\000r\000e\000t\000a\000c\000i\000\363\000\040\000d\000e\000\040\000l\000e\000s\000\040\000d\000a\000d\000e\000s}{subsection.2.7}% 36
\BOOKMARK [3][-]{subsubsection.2.7.4}{\376\377\000S\000e\000g\000\374\000e\000n\000t\000\040\000p\000a\000s}{subsection.2.7}% 37
\BOOKMARK [2][-]{subsection.2.8}{\376\377\000V\000u\000i\000t\000e\000n\000a\000\040\000C\000o\000n\000s\000u\000l\000t\000a}{section.2}% 38
\BOOKMARK [3][-]{subsubsection.2.8.1}{\376\377\000C\000o\000n\000s\000u\000l\000t\000a\000\040\000S\000Q\000L}{subsection.2.8}% 39
\BOOKMARK [3][-]{subsubsection.2.8.2}{\376\377\000D\000a\000d\000e\000s\000\040\000o\000b\000t\000i\000n\000g\000u\000d\000e\000s}{subsection.2.8}% 40
\BOOKMARK [3][-]{subsubsection.2.8.3}{\376\377\000I\000n\000t\000e\000r\000p\000r\000e\000t\000a\000c\000i\000\363\000\040\000d\000e\000\040\000l\000e\000s\000\040\000d\000a\000d\000e\000s}{subsection.2.8}% 41
\BOOKMARK [3][-]{subsubsection.2.8.4}{\376\377\000S\000e\000g\000\374\000e\000n\000t\000\040\000p\000a\000s}{subsection.2.8}% 42
\BOOKMARK [2][-]{subsection.2.9}{\376\377\000N\000o\000v\000e\000n\000a\000\040\000C\000o\000n\000s\000u\000l\000t\000a}{section.2}% 43
\BOOKMARK [3][-]{subsubsection.2.9.1}{\376\377\000C\000o\000n\000s\000u\000l\000t\000a\000\040\000S\000Q\000L}{subsection.2.9}% 44
\BOOKMARK [3][-]{subsubsection.2.9.2}{\376\377\000D\000a\000d\000e\000s\000\040\000o\000b\000t\000i\000n\000g\000u\000d\000e\000s}{subsection.2.9}% 45
\BOOKMARK [3][-]{subsubsection.2.9.3}{\376\377\000I\000n\000t\000e\000r\000p\000r\000e\000t\000a\000c\000i\000\363\000\040\000d\000e\000\040\000l\000e\000s\000\040\000d\000a\000d\000e\000s}{subsection.2.9}% 46
\BOOKMARK [1][-]{section.3}{\376\377\000P\000a\000r\000t\000\040\000f\000i\000n\000a\000l}{}% 47
