\BOOKMARK [1][-]{section.1}{\376\377\000I\000n\000f\000o\000r\000m\000a\000c\000i\000\363\000\040\000i\000n\000i\000c\000i\000a\000l}{}% 1
\BOOKMARK [1][-]{section.2}{\376\377\000P\000r\000i\000m\000e\000r\000\040\000p\000a\000s}{}% 2
\BOOKMARK [2][-]{subsection.2.1}{\376\377\000Q\000u\000e\000r\000y}{section.2}% 3
\BOOKMARK [2][-]{subsection.2.2}{\376\377\000R\000e\000s\000u\000l\000t\000a\000t\000s}{section.2}% 4
\BOOKMARK [2][-]{subsection.2.3}{\376\377\000D\000a\000d\000e\000s\000\040\000o\000b\000t\000i\000n\000g\000u\000d\000e\000s}{section.2}% 5
\BOOKMARK [2][-]{subsection.2.4}{\376\377\000S\000e\000g\000\374\000e\000n\000t\000\040\000p\000a\000s}{section.2}% 6
\BOOKMARK [1][-]{section.3}{\376\377\000S\000e\000g\000o\000n\000\040\000p\000a\000s}{}% 7
\BOOKMARK [2][-]{subsection.3.1}{\376\377\000Q\000u\000e\000r\000y}{section.3}% 8
\BOOKMARK [2][-]{subsection.3.2}{\376\377\000R\000e\000s\000u\000l\000t\000a\000t\000s}{section.3}% 9
\BOOKMARK [2][-]{subsection.3.3}{\376\377\000D\000a\000d\000e\000s\000\040\000o\000b\000t\000i\000n\000g\000u\000d\000e\000s}{section.3}% 10
\BOOKMARK [2][-]{subsection.3.4}{\376\377\000S\000e\000g\000\374\000e\000n\000t\000\040\000p\000a\000s}{section.3}% 11
\BOOKMARK [1][-]{section.4}{\376\377\000T\000e\000r\000c\000e\000r\000\040\000p\000a\000s}{}% 12
\BOOKMARK [2][-]{subsection.4.1}{\376\377\000Q\000u\000e\000r\000y}{section.4}% 13
\BOOKMARK [2][-]{subsection.4.2}{\376\377\000R\000e\000s\000u\000l\000t\000a\000t\000s}{section.4}% 14
\BOOKMARK [2][-]{subsection.4.3}{\376\377\000D\000a\000d\000e\000s\000\040\000o\000b\000t\000i\000n\000g\000u\000d\000e\000s}{section.4}% 15
\BOOKMARK [2][-]{subsection.4.4}{\376\377\000S\000e\000g\000\374\000e\000n\000t\000\040\000p\000a\000s}{section.4}% 16
\BOOKMARK [1][-]{section.5}{\376\377\000Q\000u\000a\000r\000t\000\040\000p\000a\000s}{}% 17
\BOOKMARK [2][-]{subsection.5.1}{\376\377\000Q\000u\000e\000r\000y}{section.5}% 18
\BOOKMARK [2][-]{subsection.5.2}{\376\377\000R\000e\000s\000u\000l\000t\000a\000t\000s}{section.5}% 19
\BOOKMARK [2][-]{subsection.5.3}{\376\377\000D\000a\000d\000e\000s\000\040\000o\000b\000t\000i\000n\000g\000u\000d\000e\000s}{section.5}% 20
\BOOKMARK [2][-]{subsection.5.4}{\376\377\000S\000e\000g\000\374\000e\000n\000t\000\040\000p\000a\000s}{section.5}% 21
\BOOKMARK [1][-]{section.6}{\376\377\000C\000i\000n\000q\000u\000\350\000\040\000p\000a\000s}{}% 22
\BOOKMARK [2][-]{subsection.6.1}{\376\377\000Q\000u\000e\000r\000y}{section.6}% 23
\BOOKMARK [2][-]{subsection.6.2}{\376\377\000R\000e\000s\000u\000l\000t\000a\000t\000s}{section.6}% 24
\BOOKMARK [2][-]{subsection.6.3}{\376\377\000D\000a\000d\000e\000s\000\040\000o\000b\000t\000i\000n\000g\000u\000d\000e\000s}{section.6}% 25
\BOOKMARK [2][-]{subsection.6.4}{\376\377\000S\000e\000g\000\374\000e\000n\000t\000\040\000p\000a\000s}{section.6}% 26
\BOOKMARK [1][-]{section.7}{\376\377\000S\000i\000s\000\350\000\040\000p\000a\000s\000\040\000-\000\040\000S\000o\000l\000u\000c\000i\000\363}{}% 27
\BOOKMARK [2][-]{subsection.7.1}{\376\377\000Q\000u\000e\000r\000y}{section.7}% 28
\BOOKMARK [2][-]{subsection.7.2}{\376\377\000R\000e\000s\000u\000l\000t\000a\000t\000s}{section.7}% 29
\BOOKMARK [2][-]{subsection.7.3}{\376\377\000D\000a\000d\000e\000s\000\040\000o\000b\000t\000i\000n\000g\000u\000d\000e\000s}{section.7}% 30
\BOOKMARK [1][-]{section.8}{\376\377\000A\000p\000r\000e\000n\000e\000n\000t\000a\000t\000g\000e\000s}{}% 31
